[debug] [2018-05-15T23:39:52.149Z] ----------------------------------------------------------------------
[debug] [2018-05-15T23:39:52.153Z] Command:       /usr/local/bin/node /usr/local/bin/firebase deploy
[debug] [2018-05-15T23:39:52.153Z] CLI Version:   3.18.4
[debug] [2018-05-15T23:39:52.153Z] Platform:      darwin
[debug] [2018-05-15T23:39:52.153Z] Node Version:  v8.11.1
[debug] [2018-05-15T23:39:52.154Z] Time:          Tue May 15 2018 19:39:52 GMT-0400 (EDT)
[debug] [2018-05-15T23:39:52.154Z] ----------------------------------------------------------------------
[debug] 
[debug] [2018-05-15T23:39:52.175Z] > command requires scopes: ["email","openid","https://www.googleapis.com/auth/cloudplatformprojects.readonly","https://www.googleapis.com/auth/firebase","https://www.googleapis.com/auth/cloud-platform"]
[debug] [2018-05-15T23:39:52.176Z] > authorizing via signed-in user
[debug] [2018-05-15T23:39:52.179Z] >>> HTTP REQUEST GET https://admin.firebase.com/v1/projects/lapitchat-ceac0  
  
 Tue May 15 2018 19:39:52 GMT-0400 (EDT)
[debug] [2018-05-15T23:39:52.646Z] <<< HTTP RESPONSE 200
[debug] [2018-05-15T23:39:52.647Z] >>> HTTP REQUEST GET https://admin.firebase.com/v1/database/lapitchat-ceac0/tokens  
  
 Tue May 15 2018 19:39:52 GMT-0400 (EDT)
[debug] [2018-05-15T23:39:52.998Z] <<< HTTP RESPONSE 200
[info] 
[info] === Deploying to 'lapitchat-ceac0'...
[info] 
[info] i  deploying functions
[info] Running command: npm --prefix "$RESOURCE_DIR" run lint
[info] ✔  functions: Finished running predeploy script.
[debug] [2018-05-15T23:40:06.076Z] > [functions] package.json contents: {
  "name": "functions",
  "description": "Cloud Functions for Firebase",
  "scripts": {
    "lint": "eslint .",
    "serve": "firebase serve --only functions",
    "shell": "firebase functions:shell",
    "start": "npm run shell",
    "deploy": "firebase deploy --only functions",
    "logs": "firebase functions:log"
  },
  "dependencies": {
    "firebase-admin": "~5.12.0",
    "firebase-functions": "^1.0.1"
  },
  "devDependencies": {
    "eslint": "^4.12.0",
    "eslint-plugin-promise": "^3.6.0"
  },
  "private": true
}
[info] i  functions: ensuring necessary APIs are enabled...
[debug] [2018-05-15T23:40:06.078Z] >>> HTTP REQUEST GET https://servicemanagement.googleapis.com/v1/services/cloudfunctions.googleapis.com/projectSettings/lapitchat-ceac0?view=CONSUMER_VIEW  
  
 Tue May 15 2018 19:40:06 GMT-0400 (EDT)
[debug] [2018-05-15T23:40:06.080Z] >>> HTTP REQUEST GET https://servicemanagement.googleapis.com/v1/services/runtimeconfig.googleapis.com/projectSettings/lapitchat-ceac0?view=CONSUMER_VIEW  
  
 Tue May 15 2018 19:40:06 GMT-0400 (EDT)
[debug] [2018-05-15T23:40:06.701Z] <<< HTTP RESPONSE 200
[debug] [2018-05-15T23:40:06.742Z] <<< HTTP RESPONSE 200
[info] ✔  functions: all necessary APIs are enabled
[debug] [2018-05-15T23:40:06.743Z] >>> HTTP REQUEST GET https://cloudresourcemanager.googleapis.com/v1/projects/lapitchat-ceac0  
  
 Tue May 15 2018 19:40:06 GMT-0400 (EDT)
[debug] [2018-05-15T23:40:07.028Z] <<< HTTP RESPONSE 200
[debug] [2018-05-15T23:40:07.029Z] >>> HTTP REQUEST GET https://mobilesdk-pa.googleapis.com/v1/projects/735064186222:getServerAppConfig  
  
 Tue May 15 2018 19:40:07 GMT-0400 (EDT)
[debug] [2018-05-15T23:40:07.336Z] <<< HTTP RESPONSE 200
[info] i  functions: preparing functions directory for uploading...
[debug] [2018-05-15T23:40:07.339Z] >>> HTTP REQUEST GET https://runtimeconfig.googleapis.com/v1beta1/projects/lapitchat-ceac0/configs  
  
 Tue May 15 2018 19:40:07 GMT-0400 (EDT)
[debug] [2018-05-15T23:40:07.556Z] <<< HTTP RESPONSE 200
[info] i  functions: packaged functions (50.67 KB) for uploading
[debug] [2018-05-15T23:40:07.874Z] >>> HTTP REQUEST POST https://cloudfunctions.googleapis.com/v1/projects/lapitchat-ceac0/locations/us-central1/functions:generateUploadUrl  
  
 Tue May 15 2018 19:40:07 GMT-0400 (EDT)
[debug] [2018-05-15T23:40:38.234Z] <<< HTTP RESPONSE 503
[debug] [2018-05-15T23:40:38.234Z] <<< HTTP RESPONSE BODY {
  "error": {
    "code": 503,
    "message": "The service is currently unavailable.",
    "status": "UNAVAILABLE"
  }
}

[debug] [2018-05-15T23:40:38.236Z] TypeError: Cannot create property 'error' on string '{
  "error": {
    "code": 503,
    "message": "The service is currently unavailable.",
    "status": "UNAVAILABLE"
  }
}
'
    at module.exports (/usr/local/lib/node_modules/firebase-tools/lib/responseToError.js:11:16)
    at Request._callback (/usr/local/lib/node_modules/firebase-tools/lib/api.js:47:25)
    at Request.self.callback (/usr/local/lib/node_modules/firebase-tools/node_modules/request/request.js:186:22)
    at emitTwo (events.js:126:13)
    at Request.emit (events.js:214:7)
    at Request.<anonymous> (/usr/local/lib/node_modules/firebase-tools/node_modules/request/request.js:1163:10)
    at emitOne (events.js:116:13)
    at Request.emit (events.js:211:7)
    at IncomingMessage.<anonymous> (/usr/local/lib/node_modules/firebase-tools/node_modules/request/request.js:1085:12)
    at Object.onceWrapper (events.js:313:30)
[error] 
[error] Error: An unexpected error has occurred.
